<?xml version="1.0" encoding="UTF-8"?>
<!-- Generated by org.testng.reporters.JUnitReportReporter -->
<testsuite hostname="panwarManish" failures="0" tests="2" name="com.mystore.testcases.test" time="18.330" errors="0" timestamp="2025-04-20T16:22:46 IST" skipped="0">
  <testcase classname="com.mystore.testcases.test" name="tests" time="8.539"/>
  <system-out/>
  <testcase classname="com.mystore.testcases.test" name="tests" time="9.791"/>
  <system-out/>
</testsuite> <!-- com.mystore.testcases.test -->
